======================================================================
              =                                            =
              =           Quantum Transport Code           =
              =     (https://aflowlib.org/src/paoflow/)    =
              =                                            =
======================================================================
Program <conductor.py>  v. 0.0.1  starts ...
Date 2025-09-01 at 16:08:51
Number of MPI processes:    1
  ======================================================================
  =                       Conductor Initialization                     =
  ======================================================================
  ./alh.save/atomic_proj.xml file fmt: atmproj
Begins atmproj_read_ext
Begins reading eigenvalues
Finished reading eigenvalues
Begins reading projections
Ends reading projections
Ends atmproj_read_ext
  Dimensions found in atomic_proj.{dat,xml}:
    nbnd     :    60
    nkpts    :     8
    nspin    :     1
    natomwfc :    41
    nelec    :    31.000000
    efermi   :    -0.125306
    energy_units :  Rydberg

  ATMPROJ conversion to be done using:
    atmproj_nbnd :    60
    atmproj_thr  :     0.900000
    atmproj_sh   :     3.500000
    atmproj_do_norm:  False
Begins atmproj_read_ext --massive data
Using an orthogonal basis. do_orthoovp=.true.
Ends atmproj_read_ext --massive data
./alh.save/atomic_proj.xml converted from ATMPROJ to internal fmt
Printed projectabilities to projectability.txt

  ======================================================================
  =  INPUT Summary                                                     =
  ======================================================================

  <INPUT>
          Calculation Type :     bulk
                    prefix :
                   postfix :     _bulk
                  work_dir :     ./
               L-lead dim. :        41
            conductor dim. :        41
               R-lead dim. :        41
       Conductance Formula :     landauer
                  Carriers :     electrons
       Transport Direction :         3
          Have Correlation :     False
              Write k-data :     False
            Write sgm lead :     False
                Write gf C :     False
           Max iter number :       200
                    nprint :        20

        Conductor datafile :     ./alh.save/atomic_proj.xml
         leads are identical :     True
           ovp orthogonaliz. :     True
  </INPUT>

  <ENERGY_GRID>
                 Dimension :      9001
                 Buffering :         1
               Min Energy :  -7.00000
               Max Energy :   2.00000
              Energy Step :   0.00100
                     Delta :   0.00050
             Smearing Type :     lorentzian
             Smearing grid :     20000
             Smearing gmax :  25.00000
                   Shift_L :   0.00000
                   Shift_C :   0.00000
                   Shift_R :   0.00000
                Shift_corr :   0.00000
  </ENERGY_GRID>

  <K-POINTS>
       nkpts_par =    1
       nrtot_par =    1
        use_sym = False

       Parallel kpoints grid:        nk = (   1   1    1 )   s = (   0   0    0 )
       k (  1) =    (   0.00000   0.00000   0.00000 ),   weight =   1.0000

       Parallel R vector grid:       nr = (   1   1    1 )
       R (  1) =    (   0.00000   0.00000   0.00000 ),   weight =   1.0000
  </K-POINTS>

  <PARALLELISM>
       Paralellization over frequencies
       # of processes:     1
  </PARALLELISM>

dimL: 41
  <MEMORY_USAGE>
                smearing:           0.480 MB
                 kpoints:           0.000 MB
               workspace:           0.215 MB

 Total allocated. Memory:           0.695 MB
  Real allocated. Memory:          85.641 MB
  </MEMORY_USAGE>


  ======================================================================
  =                            Frequency Loop                          =
  ======================================================================
  Computing E(     0) =     -7.00000 eV
  T matrix converged after avg. # of iterations      1.000

    Total time spent up to now :     0.00s

  Computing E(    20) =     -6.98000 eV
  T matrix converged after avg. # of iterations      1.000

    Total time spent up to now :     0.04s

  Computing E(    40) =     -6.96000 eV
  T matrix converged after avg. # of iterations      1.000

    Total time spent up to now :     0.07s

  Computing E(    60) =     -6.94000 eV
  T matrix converged after avg. # of iterations      1.000

    Total time spent up to now :     0.10s

  Computing E(    80) =     -6.92000 eV
  T matrix converged after avg. # of iterations      1.000

    Total time spent up to now :     0.13s

  Computing E(   100) =     -6.90000 eV
  T matrix converged after avg. # of iterations      1.000

    Total time spent up to now :     0.15s

  Computing E(   120) =     -6.88000 eV
  T matrix converged after avg. # of iterations      1.000

    Total time spent up to now :     0.17s

  Computing E(   140) =     -6.86000 eV
  T matrix converged after avg. # of iterations      1.000

    Total time spent up to now :     0.20s

  Computing E(   160) =     -6.84000 eV
  T matrix converged after avg. # of iterations      1.000

    Total time spent up to now :     0.22s

  Computing E(   180) =     -6.82000 eV
  T matrix converged after avg. # of iterations      1.000

    Total time spent up to now :     0.24s

  Computing E(   200) =     -6.80000 eV
  T matrix converged after avg. # of iterations      1.000

    Total time spent up to now :     0.26s

  Computing E(   220) =     -6.78000 eV
  T matrix converged after avg. # of iterations      1.000

    Total time spent up to now :     0.28s

  Computing E(   240) =     -6.76000 eV
  T matrix converged after avg. # of iterations      1.000

    Total time spent up to now :     0.30s

  Computing E(   260) =     -6.74000 eV
  T matrix converged after avg. # of iterations      1.000

    Total time spent up to now :     0.32s

  Computing E(   280) =     -6.72000 eV
  T matrix converged after avg. # of iterations      1.000

    Total time spent up to now :     0.34s

  Computing E(   300) =     -6.70000 eV
  T matrix converged after avg. # of iterations      1.000

    Total time spent up to now :     0.36s

  Computing E(   320) =     -6.68000 eV
  T matrix converged after avg. # of iterations      1.000

    Total time spent up to now :     0.38s

  Computing E(   340) =     -6.66000 eV
  T matrix converged after avg. # of iterations      1.000

    Total time spent up to now :     0.40s

  Computing E(   360) =     -6.64000 eV
  T matrix converged after avg. # of iterations      1.000

    Total time spent up to now :     0.42s

  Computing E(   380) =     -6.62000 eV
  T matrix converged after avg. # of iterations      1.000

    Total time spent up to now :     0.44s

  Computing E(   400) =     -6.60000 eV
  T matrix converged after avg. # of iterations      1.000

    Total time spent up to now :     0.46s

  Computing E(   420) =     -6.58000 eV
  T matrix converged after avg. # of iterations      1.000

    Total time spent up to now :     0.48s

  Computing E(   440) =     -6.56000 eV
  T matrix converged after avg. # of iterations      1.000

    Total time spent up to now :     0.51s

  Computing E(   460) =     -6.54000 eV
  T matrix converged after avg. # of iterations      1.000

    Total time spent up to now :     0.53s

  Computing E(   480) =     -6.52000 eV
  T matrix converged after avg. # of iterations      1.000

    Total time spent up to now :     0.55s

  Computing E(   500) =     -6.50000 eV
  T matrix converged after avg. # of iterations      1.000

    Total time spent up to now :     0.57s

  Computing E(   520) =     -6.48000 eV
  T matrix converged after avg. # of iterations      1.000

    Total time spent up to now :     0.59s

  Computing E(   540) =     -6.46000 eV
  T matrix converged after avg. # of iterations      1.000

    Total time spent up to now :     0.61s

  Computing E(   560) =     -6.44000 eV
  T matrix converged after avg. # of iterations      1.000

    Total time spent up to now :     0.63s

  Computing E(   580) =     -6.42000 eV
  T matrix converged after avg. # of iterations      1.000

    Total time spent up to now :     0.65s

  Computing E(   600) =     -6.40000 eV
  T matrix converged after avg. # of iterations      1.500

    Total time spent up to now :     0.67s

  Computing E(   620) =     -6.38000 eV
  T matrix converged after avg. # of iterations      1.500

    Total time spent up to now :     0.70s

  Computing E(   640) =     -6.36000 eV
  T matrix converged after avg. # of iterations      1.500

    Total time spent up to now :     0.72s

  Computing E(   660) =     -6.34000 eV
  T matrix converged after avg. # of iterations      1.500

    Total time spent up to now :     0.75s

  Computing E(   680) =     -6.32000 eV
  T matrix converged after avg. # of iterations      4.000

    Total time spent up to now :     0.78s

  Computing E(   700) =     -6.30000 eV
  T matrix converged after avg. # of iterations      4.500

    Total time spent up to now :     0.82s

  Computing E(   720) =     -6.28000 eV
  T matrix converged after avg. # of iterations      2.000

    Total time spent up to now :     0.86s

  Computing E(   740) =     -6.26000 eV
  T matrix converged after avg. # of iterations      2.000

    Total time spent up to now :     0.89s

  Computing E(   760) =     -6.24000 eV
  T matrix converged after avg. # of iterations      1.500

    Total time spent up to now :     0.92s

  Computing E(   780) =     -6.22000 eV
  T matrix converged after avg. # of iterations      1.500

    Total time spent up to now :     0.94s

  Computing E(   800) =     -6.20000 eV
  T matrix converged after avg. # of iterations      2.000

    Total time spent up to now :     0.97s

  Computing E(   820) =     -6.18000 eV
  T matrix converged after avg. # of iterations      2.000

    Total time spent up to now :     1.00s

  Computing E(   840) =     -6.16000 eV
  T matrix converged after avg. # of iterations      2.000

    Total time spent up to now :     1.03s

  Computing E(   860) =     -6.14000 eV
  T matrix converged after avg. # of iterations      2.500

    Total time spent up to now :     1.05s

  Computing E(   880) =     -6.12000 eV
  T matrix converged after avg. # of iterations      5.000

    Total time spent up to now :     1.10s

  Computing E(   900) =     -6.10000 eV
  T matrix converged after avg. # of iterations      5.500

    Total time spent up to now :     1.15s

  Computing E(   920) =     -6.08000 eV
  T matrix converged after avg. # of iterations      5.500

    Total time spent up to now :     1.20s

  Computing E(   940) =     -6.06000 eV
  T matrix converged after avg. # of iterations      5.500

    Total time spent up to now :     1.25s

  Computing E(   960) =     -6.04000 eV
  T matrix converged after avg. # of iterations      5.500

    Total time spent up to now :     1.31s

  Computing E(   980) =     -6.02000 eV
  T matrix converged after avg. # of iterations      5.500

    Total time spent up to now :     1.36s

  Computing E(  1000) =     -6.00000 eV
  T matrix converged after avg. # of iterations      5.000

    Total time spent up to now :     1.41s

  Computing E(  1020) =     -5.98000 eV
  T matrix converged after avg. # of iterations      2.500

    Total time spent up to now :     1.45s

  Computing E(  1040) =     -5.96000 eV
  T matrix converged after avg. # of iterations      2.500

    Total time spent up to now :     1.48s

  Computing E(  1060) =     -5.94000 eV
  T matrix converged after avg. # of iterations      2.000

    Total time spent up to now :     1.51s

  Computing E(  1080) =     -5.92000 eV
  T matrix converged after avg. # of iterations      2.000

    Total time spent up to now :     1.54s

  Computing E(  1100) =     -5.90000 eV
  T matrix converged after avg. # of iterations      2.000

    Total time spent up to now :     1.57s

  Computing E(  1120) =     -5.88000 eV
  T matrix converged after avg. # of iterations      2.000

    Total time spent up to now :     1.59s

  Computing E(  1140) =     -5.86000 eV
  T matrix converged after avg. # of iterations      2.500

    Total time spent up to now :     1.62s

  Computing E(  1160) =     -5.84000 eV
  T matrix converged after avg. # of iterations      3.000

    Total time spent up to now :     1.66s

  Computing E(  1180) =     -5.82000 eV
  T matrix converged after avg. # of iterations      5.500

    Total time spent up to now :     1.71s

  Computing E(  1200) =     -5.80000 eV
  T matrix converged after avg. # of iterations      5.500

    Total time spent up to now :     1.76s

  Computing E(  1220) =     -5.78000 eV
  T matrix converged after avg. # of iterations      5.500

    Total time spent up to now :     1.81s

  Computing E(  1240) =     -5.76000 eV
  T matrix converged after avg. # of iterations      5.500

    Total time spent up to now :     1.87s

  Computing E(  1260) =     -5.74000 eV
  T matrix converged after avg. # of iterations      5.500

    Total time spent up to now :     1.92s

  Computing E(  1280) =     -5.72000 eV
  T matrix converged after avg. # of iterations      5.500

    Total time spent up to now :     1.98s

  Computing E(  1300) =     -5.70000 eV
  T matrix converged after avg. # of iterations      5.500

    Total time spent up to now :     2.03s

  Computing E(  1320) =     -5.68000 eV
  T matrix converged after avg. # of iterations      5.500

    Total time spent up to now :     2.08s

  Computing E(  1340) =     -5.66000 eV
  T matrix converged after avg. # of iterations      5.500

    Total time spent up to now :     2.14s

  Computing E(  1360) =     -5.64000 eV
  T matrix converged after avg. # of iterations      5.500

    Total time spent up to now :     2.19s

  Computing E(  1380) =     -5.62000 eV
  T matrix converged after avg. # of iterations      4.000

    Total time spent up to now :     2.24s

  Computing E(  1400) =     -5.60000 eV
  T matrix converged after avg. # of iterations      2.500

    Total time spent up to now :     2.28s

  Computing E(  1420) =     -5.58000 eV
  T matrix converged after avg. # of iterations      2.000

    Total time spent up to now :     2.31s

  Computing E(  1440) =     -5.56000 eV
  T matrix converged after avg. # of iterations      2.000

    Total time spent up to now :     2.33s

  Computing E(  1460) =     -5.54000 eV
  T matrix converged after avg. # of iterations      2.000

    Total time spent up to now :     2.36s

  Computing E(  1480) =     -5.52000 eV
  T matrix converged after avg. # of iterations      2.000

    Total time spent up to now :     2.39s

  Computing E(  1500) =     -5.50000 eV
  T matrix converged after avg. # of iterations      2.000

    Total time spent up to now :     2.42s

  Computing E(  1520) =     -5.48000 eV
  T matrix converged after avg. # of iterations      2.000

    Total time spent up to now :     2.45s

  Computing E(  1540) =     -5.46000 eV
  T matrix converged after avg. # of iterations      2.000

    Total time spent up to now :     2.47s

  Computing E(  1560) =     -5.44000 eV
  T matrix converged after avg. # of iterations      2.000

    Total time spent up to now :     2.50s

  Computing E(  1580) =     -5.42000 eV
  T matrix converged after avg. # of iterations      2.000

    Total time spent up to now :     2.53s

  Computing E(  1600) =     -5.40000 eV
  T matrix converged after avg. # of iterations      2.500

    Total time spent up to now :     2.56s

  Computing E(  1620) =     -5.38000 eV
  T matrix converged after avg. # of iterations      2.500

    Total time spent up to now :     2.59s

  Computing E(  1640) =     -5.36000 eV
  T matrix converged after avg. # of iterations      4.000

    Total time spent up to now :     2.62s

  Computing E(  1660) =     -5.34000 eV
  T matrix converged after avg. # of iterations      5.500

    Total time spent up to now :     2.68s

  Computing E(  1680) =     -5.32000 eV
  T matrix converged after avg. # of iterations      5.500

    Total time spent up to now :     2.73s

  Computing E(  1700) =     -5.30000 eV
  T matrix converged after avg. # of iterations      6.000

    Total time spent up to now :     2.79s

  Computing E(  1720) =     -5.28000 eV
  T matrix converged after avg. # of iterations      6.000

    Total time spent up to now :     2.84s

  Computing E(  1740) =     -5.26000 eV
  T matrix converged after avg. # of iterations      6.000

    Total time spent up to now :     2.90s

  Computing E(  1760) =     -5.24000 eV
  T matrix converged after avg. # of iterations      6.000

    Total time spent up to now :     2.96s

  Computing E(  1780) =     -5.22000 eV
  T matrix converged after avg. # of iterations      6.000

    Total time spent up to now :     3.01s

  Computing E(  1800) =     -5.20000 eV
  T matrix converged after avg. # of iterations      6.000

    Total time spent up to now :     3.07s

  Computing E(  1820) =     -5.18000 eV
  T matrix converged after avg. # of iterations      6.000

    Total time spent up to now :     3.13s

  Computing E(  1840) =     -5.16000 eV
  T matrix converged after avg. # of iterations      6.000

    Total time spent up to now :     3.19s

  Computing E(  1860) =     -5.14000 eV
  T matrix converged after avg. # of iterations      6.000

    Total time spent up to now :     3.25s

  Computing E(  1880) =     -5.12000 eV
  T matrix converged after avg. # of iterations      5.500

    Total time spent up to now :     3.30s

  Computing E(  1900) =     -5.10000 eV
  T matrix converged after avg. # of iterations      5.500

    Total time spent up to now :     3.36s

  Computing E(  1920) =     -5.08000 eV
  T matrix converged after avg. # of iterations      2.500

    Total time spent up to now :     3.40s

  Computing E(  1940) =     -5.06000 eV
  T matrix converged after avg. # of iterations      2.500

    Total time spent up to now :     3.44s

  Computing E(  1960) =     -5.04000 eV
  T matrix converged after avg. # of iterations      2.000

    Total time spent up to now :     3.47s

  Computing E(  1980) =     -5.02000 eV
  T matrix converged after avg. # of iterations      2.000

    Total time spent up to now :     3.49s

  Computing E(  2000) =     -5.00000 eV
  T matrix converged after avg. # of iterations      2.000

    Total time spent up to now :     3.52s

  Computing E(  2020) =     -4.98000 eV
  T matrix converged after avg. # of iterations      2.000

    Total time spent up to now :     3.55s

  Computing E(  2040) =     -4.96000 eV
  T matrix converged after avg. # of iterations      2.000

    Total time spent up to now :     3.58s

  Computing E(  2060) =     -4.94000 eV
  T matrix converged after avg. # of iterations      2.000

    Total time spent up to now :     3.61s

  Computing E(  2080) =     -4.92000 eV
  T matrix converged after avg. # of iterations      2.000

    Total time spent up to now :     3.63s

  Computing E(  2100) =     -4.90000 eV
  T matrix converged after avg. # of iterations      2.000

    Total time spent up to now :     3.66s

  Computing E(  2120) =     -4.88000 eV
  T matrix converged after avg. # of iterations      2.000

    Total time spent up to now :     3.69s

  Computing E(  2140) =     -4.86000 eV
  T matrix converged after avg. # of iterations      2.000

    Total time spent up to now :     3.72s

  Computing E(  2160) =     -4.84000 eV
  T matrix converged after avg. # of iterations      2.000

    Total time spent up to now :     3.75s

  Computing E(  2180) =     -4.82000 eV
  T matrix converged after avg. # of iterations      2.500

    Total time spent up to now :     3.77s

  Computing E(  2200) =     -4.80000 eV
  T matrix converged after avg. # of iterations      2.500

    Total time spent up to now :     3.81s

  Computing E(  2220) =     -4.78000 eV
  T matrix converged after avg. # of iterations      4.000

    Total time spent up to now :     3.84s

  Computing E(  2240) =     -4.76000 eV
  T matrix converged after avg. # of iterations      5.500

    Total time spent up to now :     3.89s

  Computing E(  2260) =     -4.74000 eV
  T matrix converged after avg. # of iterations      5.500

    Total time spent up to now :     3.94s

  Computing E(  2280) =     -4.72000 eV
  T matrix converged after avg. # of iterations      6.000

    Total time spent up to now :     4.00s

  Computing E(  2300) =     -4.70000 eV
  T matrix converged after avg. # of iterations      6.000

    Total time spent up to now :     4.06s

  Computing E(  2320) =     -4.68000 eV
  T matrix converged after avg. # of iterations      6.000

    Total time spent up to now :     4.12s

  Computing E(  2340) =     -4.66000 eV
  T matrix converged after avg. # of iterations      6.000

    Total time spent up to now :     4.17s

  Computing E(  2360) =     -4.64000 eV
  T matrix converged after avg. # of iterations      6.000

    Total time spent up to now :     4.23s

  Computing E(  2380) =     -4.62000 eV
  T matrix converged after avg. # of iterations      6.000

    Total time spent up to now :     4.29s

  Computing E(  2400) =     -4.60000 eV
  T matrix converged after avg. # of iterations      6.000

    Total time spent up to now :     4.35s

  Computing E(  2420) =     -4.58000 eV
  T matrix converged after avg. # of iterations      6.000

    Total time spent up to now :     4.40s

  Computing E(  2440) =     -4.56000 eV
  T matrix converged after avg. # of iterations      6.000

    Total time spent up to now :     4.46s

  Computing E(  2460) =     -4.54000 eV
  T matrix converged after avg. # of iterations      6.000

    Total time spent up to now :     4.52s

  Computing E(  2480) =     -4.52000 eV
  T matrix converged after avg. # of iterations      6.000

    Total time spent up to now :     4.58s

  Computing E(  2500) =     -4.50000 eV
  T matrix converged after avg. # of iterations      6.000

    Total time spent up to now :     4.63s

  Computing E(  2520) =     -4.48000 eV
  T matrix converged after avg. # of iterations      5.500

    Total time spent up to now :     4.69s

  Computing E(  2540) =     -4.46000 eV
  T matrix converged after avg. # of iterations      4.500

    Total time spent up to now :     4.74s

  Computing E(  2560) =     -4.44000 eV
  T matrix converged after avg. # of iterations      2.500

    Total time spent up to now :     4.78s

  Computing E(  2580) =     -4.42000 eV
  T matrix converged after avg. # of iterations      2.500

    Total time spent up to now :     4.81s

  Computing E(  2600) =     -4.40000 eV
  T matrix converged after avg. # of iterations      2.000

    Total time spent up to now :     4.84s

  Computing E(  2620) =     -4.38000 eV
  T matrix converged after avg. # of iterations      2.000

    Total time spent up to now :     4.87s

  Computing E(  2640) =     -4.36000 eV
  T matrix converged after avg. # of iterations      2.000

    Total time spent up to now :     4.89s

  Computing E(  2660) =     -4.34000 eV
  T matrix converged after avg. # of iterations      2.000

    Total time spent up to now :     4.92s

  Computing E(  2680) =     -4.32000 eV
  T matrix converged after avg. # of iterations      2.000

    Total time spent up to now :     4.95s

  Computing E(  2700) =     -4.30000 eV
  T matrix converged after avg. # of iterations      2.000

    Total time spent up to now :     4.98s

  Computing E(  2720) =     -4.28000 eV
  T matrix converged after avg. # of iterations      2.000

    Total time spent up to now :     5.01s

  Computing E(  2740) =     -4.26000 eV
  T matrix converged after avg. # of iterations      2.000

    Total time spent up to now :     5.03s

  Computing E(  2760) =     -4.24000 eV
  T matrix converged after avg. # of iterations      2.000

    Total time spent up to now :     5.06s

  Computing E(  2780) =     -4.22000 eV
  T matrix converged after avg. # of iterations      2.000

    Total time spent up to now :     5.09s

  Computing E(  2800) =     -4.20000 eV
  T matrix converged after avg. # of iterations      2.000

    Total time spent up to now :     5.12s

  Computing E(  2820) =     -4.18000 eV
  T matrix converged after avg. # of iterations      2.500

    Total time spent up to now :     5.15s

  Computing E(  2840) =     -4.16000 eV
  T matrix converged after avg. # of iterations      2.500

    Total time spent up to now :     5.18s

  Computing E(  2860) =     -4.14000 eV
  T matrix converged after avg. # of iterations      2.500

    Total time spent up to now :     5.21s

  Computing E(  2880) =     -4.12000 eV
  T matrix converged after avg. # of iterations      5.500

    Total time spent up to now :     5.25s

  Computing E(  2900) =     -4.10000 eV
  T matrix converged after avg. # of iterations      6.000

    Total time spent up to now :     5.31s

  Computing E(  2920) =     -4.08000 eV
  T matrix converged after avg. # of iterations      6.000

    Total time spent up to now :     5.36s

  Computing E(  2940) =     -4.06000 eV
  T matrix converged after avg. # of iterations      6.000

    Total time spent up to now :     5.42s

  Computing E(  2960) =     -4.04000 eV
  T matrix converged after avg. # of iterations      6.000

    Total time spent up to now :     5.48s

  Computing E(  2980) =     -4.02000 eV
  T matrix converged after avg. # of iterations      6.000

    Total time spent up to now :     5.54s

  Computing E(  3000) =     -4.00000 eV
  T matrix converged after avg. # of iterations      6.000

    Total time spent up to now :     5.59s

  Computing E(  3020) =     -3.98000 eV
  T matrix converged after avg. # of iterations      6.000

    Total time spent up to now :     5.65s

  Computing E(  3040) =     -3.96000 eV
  T matrix converged after avg. # of iterations      6.000

    Total time spent up to now :     5.71s

  Computing E(  3060) =     -3.94000 eV
  T matrix converged after avg. # of iterations      6.000

    Total time spent up to now :     5.76s

  Computing E(  3080) =     -3.92000 eV
  T matrix converged after avg. # of iterations      6.000

    Total time spent up to now :     5.82s

  Computing E(  3100) =     -3.90000 eV
  T matrix converged after avg. # of iterations      6.000

    Total time spent up to now :     5.88s

  Computing E(  3120) =     -3.88000 eV
  T matrix converged after avg. # of iterations      6.000

    Total time spent up to now :     5.94s

  Computing E(  3140) =     -3.86000 eV
  T matrix converged after avg. # of iterations      6.000

    Total time spent up to now :     5.99s

  Computing E(  3160) =     -3.84000 eV
  T matrix converged after avg. # of iterations      6.000

    Total time spent up to now :     6.05s

  Computing E(  3180) =     -3.82000 eV
  T matrix converged after avg. # of iterations      6.000

    Total time spent up to now :     6.11s

  Computing E(  3200) =     -3.80000 eV
  T matrix converged after avg. # of iterations      6.000

    Total time spent up to now :     6.16s

  Computing E(  3220) =     -3.78000 eV
  T matrix converged after avg. # of iterations      6.000

    Total time spent up to now :     6.22s

  Computing E(  3240) =     -3.76000 eV
  T matrix converged after avg. # of iterations      5.500

    Total time spent up to now :     6.28s

  Computing E(  3260) =     -3.74000 eV
  T matrix converged after avg. # of iterations      2.500

    Total time spent up to now :     6.31s

  Computing E(  3280) =     -3.72000 eV
  T matrix converged after avg. # of iterations      2.500

    Total time spent up to now :     6.35s

  Computing E(  3300) =     -3.70000 eV
  T matrix converged after avg. # of iterations      2.500

    Total time spent up to now :     6.38s

  Computing E(  3320) =     -3.68000 eV
  T matrix converged after avg. # of iterations      2.000

    Total time spent up to now :     6.41s

  Computing E(  3340) =     -3.66000 eV
  T matrix converged after avg. # of iterations      2.000

    Total time spent up to now :     6.44s

  Computing E(  3360) =     -3.64000 eV
  T matrix converged after avg. # of iterations      2.000

    Total time spent up to now :     6.46s

  Computing E(  3380) =     -3.62000 eV
  T matrix converged after avg. # of iterations      2.000

    Total time spent up to now :     6.49s

  Computing E(  3400) =     -3.60000 eV
  T matrix converged after avg. # of iterations      2.000

    Total time spent up to now :     6.52s

  Computing E(  3420) =     -3.58000 eV
  T matrix converged after avg. # of iterations      2.000

    Total time spent up to now :     6.55s

  Computing E(  3440) =     -3.56000 eV
  T matrix converged after avg. # of iterations      2.000

    Total time spent up to now :     6.58s

  Computing E(  3460) =     -3.54000 eV
  T matrix converged after avg. # of iterations      2.000

    Total time spent up to now :     6.60s

  Computing E(  3480) =     -3.52000 eV
  T matrix converged after avg. # of iterations      2.000

    Total time spent up to now :     6.63s

  Computing E(  3500) =     -3.50000 eV
  T matrix converged after avg. # of iterations      2.000

    Total time spent up to now :     6.66s

  Computing E(  3520) =     -3.48000 eV
  T matrix converged after avg. # of iterations      2.000

    Total time spent up to now :     6.69s

  Computing E(  3540) =     -3.46000 eV
  T matrix converged after avg. # of iterations      2.000

    Total time spent up to now :     6.72s

  Computing E(  3560) =     -3.44000 eV
  T matrix converged after avg. # of iterations      2.500

    Total time spent up to now :     6.75s

  Computing E(  3580) =     -3.42000 eV
  T matrix converged after avg. # of iterations      2.500

    Total time spent up to now :     6.78s

  Computing E(  3600) =     -3.40000 eV
  T matrix converged after avg. # of iterations      3.000

    Total time spent up to now :     6.81s

  Computing E(  3620) =     -3.38000 eV
  T matrix converged after avg. # of iterations      5.500

    Total time spent up to now :     6.86s

  Computing E(  3640) =     -3.36000 eV
  T matrix converged after avg. # of iterations      6.000

    Total time spent up to now :     6.92s

  Computing E(  3660) =     -3.34000 eV
  T matrix converged after avg. # of iterations      6.000

    Total time spent up to now :     6.97s

  Computing E(  3680) =     -3.32000 eV
  T matrix converged after avg. # of iterations      6.000

    Total time spent up to now :     7.03s

  Computing E(  3700) =     -3.30000 eV
  T matrix converged after avg. # of iterations      6.000

    Total time spent up to now :     7.09s

  Computing E(  3720) =     -3.28000 eV
  T matrix converged after avg. # of iterations      6.000

    Total time spent up to now :     7.15s

  Computing E(  3740) =     -3.26000 eV
  T matrix converged after avg. # of iterations      6.000

    Total time spent up to now :     7.21s

  Computing E(  3760) =     -3.24000 eV
  T matrix converged after avg. # of iterations      6.000

    Total time spent up to now :     7.26s

  Computing E(  3780) =     -3.22000 eV
  T matrix converged after avg. # of iterations      6.000

    Total time spent up to now :     7.32s

  Computing E(  3800) =     -3.20000 eV
  T matrix converged after avg. # of iterations      6.000

    Total time spent up to now :     7.38s

  Computing E(  3820) =     -3.18000 eV
  T matrix converged after avg. # of iterations      6.000

    Total time spent up to now :     7.44s

  Computing E(  3840) =     -3.16000 eV
  T matrix converged after avg. # of iterations      6.000

    Total time spent up to now :     7.49s

  Computing E(  3860) =     -3.14000 eV
  T matrix converged after avg. # of iterations      6.000

    Total time spent up to now :     7.55s

  Computing E(  3880) =     -3.12000 eV
  T matrix converged after avg. # of iterations      6.000

    Total time spent up to now :     7.61s

  Computing E(  3900) =     -3.10000 eV
  T matrix converged after avg. # of iterations      6.000

    Total time spent up to now :     7.67s

  Computing E(  3920) =     -3.08000 eV
  T matrix converged after avg. # of iterations      5.500

    Total time spent up to now :     7.72s

  Computing E(  3940) =     -3.06000 eV
  T matrix converged after avg. # of iterations      5.500

    Total time spent up to now :     7.78s

  Computing E(  3960) =     -3.04000 eV
  T matrix converged after avg. # of iterations      3.000

    Total time spent up to now :     7.82s

  Computing E(  3980) =     -3.02000 eV
  T matrix converged after avg. # of iterations      2.500

    Total time spent up to now :     7.86s

  Computing E(  4000) =     -3.00000 eV
  T matrix converged after avg. # of iterations      2.000

    Total time spent up to now :     7.89s

  Computing E(  4020) =     -2.98000 eV
  T matrix converged after avg. # of iterations      2.000

    Total time spent up to now :     7.91s

  Computing E(  4040) =     -2.96000 eV
  T matrix converged after avg. # of iterations      2.000

    Total time spent up to now :     7.94s

  Computing E(  4060) =     -2.94000 eV
  T matrix converged after avg. # of iterations      2.000

    Total time spent up to now :     7.97s

  Computing E(  4080) =     -2.92000 eV
  T matrix converged after avg. # of iterations      2.000

    Total time spent up to now :     8.00s

  Computing E(  4100) =     -2.90000 eV
  T matrix converged after avg. # of iterations      2.000

    Total time spent up to now :     8.03s

  Computing E(  4120) =     -2.88000 eV
  T matrix converged after avg. # of iterations      2.000

    Total time spent up to now :     8.05s

  Computing E(  4140) =     -2.86000 eV
  T matrix converged after avg. # of iterations      2.000

    Total time spent up to now :     8.08s

  Computing E(  4160) =     -2.84000 eV
  T matrix converged after avg. # of iterations      2.000

    Total time spent up to now :     8.11s

  Computing E(  4180) =     -2.82000 eV
  T matrix converged after avg. # of iterations      2.000

    Total time spent up to now :     8.14s

  Computing E(  4200) =     -2.80000 eV
  T matrix converged after avg. # of iterations      2.000

    Total time spent up to now :     8.17s

  Computing E(  4220) =     -2.78000 eV
  T matrix converged after avg. # of iterations      2.000

    Total time spent up to now :     8.19s

  Computing E(  4240) =     -2.76000 eV
  T matrix converged after avg. # of iterations      2.000

    Total time spent up to now :     8.22s

  Computing E(  4260) =     -2.74000 eV
  T matrix converged after avg. # of iterations      2.000

    Total time spent up to now :     8.25s

  Computing E(  4280) =     -2.72000 eV
  T matrix converged after avg. # of iterations      2.000

    Total time spent up to now :     8.28s

  Computing E(  4300) =     -2.70000 eV
  T matrix converged after avg. # of iterations      2.000

    Total time spent up to now :     8.31s

  Computing E(  4320) =     -2.68000 eV
  T matrix converged after avg. # of iterations      2.000

    Total time spent up to now :     8.34s

  Computing E(  4340) =     -2.66000 eV
  T matrix converged after avg. # of iterations      2.000

    Total time spent up to now :     8.36s

  Computing E(  4360) =     -2.64000 eV
  T matrix converged after avg. # of iterations      2.000

    Total time spent up to now :     8.39s

  Computing E(  4380) =     -2.62000 eV
  T matrix converged after avg. # of iterations      2.500

    Total time spent up to now :     8.42s

  Computing E(  4400) =     -2.60000 eV
  T matrix converged after avg. # of iterations      2.500

    Total time spent up to now :     8.45s

  Computing E(  4420) =     -2.58000 eV
  T matrix converged after avg. # of iterations      3.500

    Total time spent up to now :     8.49s

  Computing E(  4440) =     -2.56000 eV
  T matrix converged after avg. # of iterations      5.500

    Total time spent up to now :     8.54s

  Computing E(  4460) =     -2.54000 eV
  T matrix converged after avg. # of iterations      5.500

    Total time spent up to now :     8.59s

  Computing E(  4480) =     -2.52000 eV
  T matrix converged after avg. # of iterations      6.000

    Total time spent up to now :     8.65s

  Computing E(  4500) =     -2.50000 eV
  T matrix converged after avg. # of iterations      6.000

    Total time spent up to now :     8.71s

  Computing E(  4520) =     -2.48000 eV
  T matrix converged after avg. # of iterations      6.000

    Total time spent up to now :     8.76s

  Computing E(  4540) =     -2.46000 eV
  T matrix converged after avg. # of iterations      5.500

    Total time spent up to now :     8.82s

  Computing E(  4560) =     -2.44000 eV
  T matrix converged after avg. # of iterations      5.500

    Total time spent up to now :     8.87s

  Computing E(  4580) =     -2.42000 eV
  T matrix converged after avg. # of iterations      5.500

    Total time spent up to now :     8.93s

  Computing E(  4600) =     -2.40000 eV
  T matrix converged after avg. # of iterations      5.500

    Total time spent up to now :     8.98s

  Computing E(  4620) =     -2.38000 eV
  T matrix converged after avg. # of iterations      3.000

    Total time spent up to now :     9.03s

  Computing E(  4640) =     -2.36000 eV
  T matrix converged after avg. # of iterations      2.000

    Total time spent up to now :     9.06s

  Computing E(  4660) =     -2.34000 eV
  T matrix converged after avg. # of iterations      2.000

    Total time spent up to now :     9.09s

  Computing E(  4680) =     -2.32000 eV
  T matrix converged after avg. # of iterations      2.000

    Total time spent up to now :     9.12s

  Computing E(  4700) =     -2.30000 eV
  T matrix converged after avg. # of iterations      1.500

    Total time spent up to now :     9.14s

  Computing E(  4720) =     -2.28000 eV
  T matrix converged after avg. # of iterations      1.500

    Total time spent up to now :     9.17s

  Computing E(  4740) =     -2.26000 eV
  T matrix converged after avg. # of iterations      1.500

    Total time spent up to now :     9.19s

  Computing E(  4760) =     -2.24000 eV
  T matrix converged after avg. # of iterations      1.500

    Total time spent up to now :     9.22s

  Computing E(  4780) =     -2.22000 eV
  T matrix converged after avg. # of iterations      1.500

    Total time spent up to now :     9.24s

  Computing E(  4800) =     -2.20000 eV
  T matrix converged after avg. # of iterations      1.500

    Total time spent up to now :     9.26s

  Computing E(  4820) =     -2.18000 eV
  T matrix converged after avg. # of iterations      1.500

    Total time spent up to now :     9.29s

  Computing E(  4840) =     -2.16000 eV
  T matrix converged after avg. # of iterations      1.500

    Total time spent up to now :     9.31s

  Computing E(  4860) =     -2.14000 eV
  T matrix converged after avg. # of iterations      1.500

    Total time spent up to now :     9.34s

  Computing E(  4880) =     -2.12000 eV
  T matrix converged after avg. # of iterations      1.500

    Total time spent up to now :     9.36s

  Computing E(  4900) =     -2.10000 eV
  T matrix converged after avg. # of iterations      1.500

    Total time spent up to now :     9.39s

  Computing E(  4920) =     -2.08000 eV
  T matrix converged after avg. # of iterations      1.500

    Total time spent up to now :     9.41s

  Computing E(  4940) =     -2.06000 eV
  T matrix converged after avg. # of iterations      1.000

    Total time spent up to now :     9.44s

  Computing E(  4960) =     -2.04000 eV
  T matrix converged after avg. # of iterations      1.000

    Total time spent up to now :     9.46s

  Computing E(  4980) =     -2.02000 eV
  T matrix converged after avg. # of iterations      1.000

    Total time spent up to now :     9.48s

  Computing E(  5000) =     -2.00000 eV
  T matrix converged after avg. # of iterations      1.000

    Total time spent up to now :     9.50s

  Computing E(  5020) =     -1.98000 eV
  T matrix converged after avg. # of iterations      1.000

    Total time spent up to now :     9.52s

  Computing E(  5040) =     -1.96000 eV
  T matrix converged after avg. # of iterations      1.000

    Total time spent up to now :     9.54s

  Computing E(  5060) =     -1.94000 eV
  T matrix converged after avg. # of iterations      1.000

    Total time spent up to now :     9.56s

  Computing E(  5080) =     -1.92000 eV
  T matrix converged after avg. # of iterations      1.500

    Total time spent up to now :     9.59s

  Computing E(  5100) =     -1.90000 eV
  T matrix converged after avg. # of iterations      1.500

    Total time spent up to now :     9.61s

  Computing E(  5120) =     -1.88000 eV
  T matrix converged after avg. # of iterations      1.500

    Total time spent up to now :     9.64s

  Computing E(  5140) =     -1.86000 eV
  T matrix converged after avg. # of iterations      1.500

    Total time spent up to now :     9.66s

  Computing E(  5160) =     -1.84000 eV
  T matrix converged after avg. # of iterations      2.000

    Total time spent up to now :     9.69s

  Computing E(  5180) =     -1.82000 eV
  T matrix converged after avg. # of iterations      4.500

    Total time spent up to now :     9.73s

  Computing E(  5200) =     -1.80000 eV
  T matrix converged after avg. # of iterations      5.000

    Total time spent up to now :     9.78s

  Computing E(  5220) =     -1.78000 eV
  T matrix converged after avg. # of iterations      5.000

    Total time spent up to now :     9.83s

  Computing E(  5240) =     -1.76000 eV
  T matrix converged after avg. # of iterations      4.500

    Total time spent up to now :     9.88s

  Computing E(  5260) =     -1.74000 eV
  T matrix converged after avg. # of iterations      2.000

    Total time spent up to now :     9.91s

  Computing E(  5280) =     -1.72000 eV
  T matrix converged after avg. # of iterations      2.000

    Total time spent up to now :     9.94s

  Computing E(  5300) =     -1.70000 eV
  T matrix converged after avg. # of iterations      2.000

    Total time spent up to now :     9.97s

  Computing E(  5320) =     -1.68000 eV
  T matrix converged after avg. # of iterations      2.000

    Total time spent up to now :    10.00s

  Computing E(  5340) =     -1.66000 eV
  T matrix converged after avg. # of iterations      1.500

    Total time spent up to now :    10.02s

  Computing E(  5360) =     -1.64000 eV
  T matrix converged after avg. # of iterations      1.500

    Total time spent up to now :    10.05s

  Computing E(  5380) =     -1.62000 eV
  T matrix converged after avg. # of iterations      1.500

    Total time spent up to now :    10.07s

  Computing E(  5400) =     -1.60000 eV
  T matrix converged after avg. # of iterations      1.500

    Total time spent up to now :    10.09s

  Computing E(  5420) =     -1.58000 eV
  T matrix converged after avg. # of iterations      1.500

    Total time spent up to now :    10.12s

  Computing E(  5440) =     -1.56000 eV
  T matrix converged after avg. # of iterations      1.500

    Total time spent up to now :    10.14s

  Computing E(  5460) =     -1.54000 eV
  T matrix converged after avg. # of iterations      1.500

    Total time spent up to now :    10.17s

  Computing E(  5480) =     -1.52000 eV
  T matrix converged after avg. # of iterations      1.500

    Total time spent up to now :    10.19s

  Computing E(  5500) =     -1.50000 eV
  T matrix converged after avg. # of iterations      1.500

    Total time spent up to now :    10.22s

  Computing E(  5520) =     -1.48000 eV
  T matrix converged after avg. # of iterations      1.500

    Total time spent up to now :    10.24s

  Computing E(  5540) =     -1.46000 eV
  T matrix converged after avg. # of iterations      1.500

    Total time spent up to now :    10.27s

  Computing E(  5560) =     -1.44000 eV
  T matrix converged after avg. # of iterations      1.500

    Total time spent up to now :    10.29s

  Computing E(  5580) =     -1.42000 eV
  T matrix converged after avg. # of iterations      1.500

    Total time spent up to now :    10.31s

  Computing E(  5600) =     -1.40000 eV
  T matrix converged after avg. # of iterations      2.000

    Total time spent up to now :    10.34s

  Computing E(  5620) =     -1.38000 eV
  T matrix converged after avg. # of iterations      2.000

    Total time spent up to now :    10.37s

  Computing E(  5640) =     -1.36000 eV
  T matrix converged after avg. # of iterations      2.000

    Total time spent up to now :    10.40s

  Computing E(  5660) =     -1.34000 eV
  T matrix converged after avg. # of iterations      2.000

    Total time spent up to now :    10.42s

  Computing E(  5680) =     -1.32000 eV
  T matrix converged after avg. # of iterations      2.000

    Total time spent up to now :    10.45s

  Computing E(  5700) =     -1.30000 eV
  T matrix converged after avg. # of iterations      2.000

    Total time spent up to now :    10.48s

  Computing E(  5720) =     -1.28000 eV
  T matrix converged after avg. # of iterations      2.500

    Total time spent up to now :    10.51s

  Computing E(  5740) =     -1.26000 eV
  T matrix converged after avg. # of iterations      3.000

    Total time spent up to now :    10.54s

  Computing E(  5760) =     -1.24000 eV
  T matrix converged after avg. # of iterations      5.500

    Total time spent up to now :    10.58s

  Computing E(  5780) =     -1.22000 eV
  T matrix converged after avg. # of iterations      5.500

    Total time spent up to now :    10.64s

  Computing E(  5800) =     -1.20000 eV
  T matrix converged after avg. # of iterations      5.500

    Total time spent up to now :    10.69s

  Computing E(  5820) =     -1.18000 eV
  T matrix converged after avg. # of iterations      5.500

    Total time spent up to now :    10.75s

  Computing E(  5840) =     -1.16000 eV
  T matrix converged after avg. # of iterations      5.500

    Total time spent up to now :    10.80s

  Computing E(  5860) =     -1.14000 eV
  T matrix converged after avg. # of iterations      5.500

    Total time spent up to now :    10.85s

  Computing E(  5880) =     -1.12000 eV
  T matrix converged after avg. # of iterations      5.500

    Total time spent up to now :    10.91s

  Computing E(  5900) =     -1.10000 eV
  T matrix converged after avg. # of iterations      5.500

    Total time spent up to now :    10.96s

  Computing E(  5920) =     -1.08000 eV
  T matrix converged after avg. # of iterations      4.500

    Total time spent up to now :    11.01s

  Computing E(  5940) =     -1.06000 eV
  T matrix converged after avg. # of iterations      2.500

    Total time spent up to now :    11.05s

  Computing E(  5960) =     -1.04000 eV
  T matrix converged after avg. # of iterations      2.000

    Total time spent up to now :    11.07s

  Computing E(  5980) =     -1.02000 eV
  T matrix converged after avg. # of iterations      2.000

    Total time spent up to now :    11.10s

  Computing E(  6000) =     -1.00000 eV
  T matrix converged after avg. # of iterations      2.000

    Total time spent up to now :    11.13s

  Computing E(  6020) =     -0.98000 eV
  T matrix converged after avg. # of iterations      1.500

    Total time spent up to now :    11.16s

  Computing E(  6040) =     -0.96000 eV
  T matrix converged after avg. # of iterations      1.500

    Total time spent up to now :    11.18s

  Computing E(  6060) =     -0.94000 eV
  T matrix converged after avg. # of iterations      1.500

    Total time spent up to now :    11.21s

  Computing E(  6080) =     -0.92000 eV
  T matrix converged after avg. # of iterations      1.500

    Total time spent up to now :    11.23s

  Computing E(  6100) =     -0.90000 eV
  T matrix converged after avg. # of iterations      1.500

    Total time spent up to now :    11.25s

  Computing E(  6120) =     -0.88000 eV
  T matrix converged after avg. # of iterations      1.500

    Total time spent up to now :    11.28s

  Computing E(  6140) =     -0.86000 eV
  T matrix converged after avg. # of iterations      1.500

    Total time spent up to now :    11.30s

  Computing E(  6160) =     -0.84000 eV
  T matrix converged after avg. # of iterations      1.500

    Total time spent up to now :    11.33s

  Computing E(  6180) =     -0.82000 eV
  T matrix converged after avg. # of iterations      1.500

    Total time spent up to now :    11.35s

  Computing E(  6200) =     -0.80000 eV
  T matrix converged after avg. # of iterations      1.500

    Total time spent up to now :    11.38s

  Computing E(  6220) =     -0.78000 eV
  T matrix converged after avg. # of iterations      1.500

    Total time spent up to now :    11.40s

  Computing E(  6240) =     -0.76000 eV
  T matrix converged after avg. # of iterations      1.500

    Total time spent up to now :    11.43s

  Computing E(  6260) =     -0.74000 eV
  T matrix converged after avg. # of iterations      1.500

    Total time spent up to now :    11.45s

  Computing E(  6280) =     -0.72000 eV
  T matrix converged after avg. # of iterations      1.500

    Total time spent up to now :    11.47s

  Computing E(  6300) =     -0.70000 eV
  T matrix converged after avg. # of iterations      1.500

    Total time spent up to now :    11.50s

  Computing E(  6320) =     -0.68000 eV
  T matrix converged after avg. # of iterations      1.500

    Total time spent up to now :    11.52s

  Computing E(  6340) =     -0.66000 eV
  T matrix converged after avg. # of iterations      1.500

    Total time spent up to now :    11.55s

  Computing E(  6360) =     -0.64000 eV
  T matrix converged after avg. # of iterations      1.500

    Total time spent up to now :    11.57s

  Computing E(  6380) =     -0.62000 eV
  T matrix converged after avg. # of iterations      1.500

    Total time spent up to now :    11.60s

  Computing E(  6400) =     -0.60000 eV
  T matrix converged after avg. # of iterations      1.500

    Total time spent up to now :    11.62s

  Computing E(  6420) =     -0.58000 eV
  T matrix converged after avg. # of iterations      1.500

    Total time spent up to now :    11.65s

  Computing E(  6440) =     -0.56000 eV
  T matrix converged after avg. # of iterations      1.500

    Total time spent up to now :    11.67s

  Computing E(  6460) =     -0.54000 eV
  T matrix converged after avg. # of iterations      1.500

    Total time spent up to now :    11.70s

  Computing E(  6480) =     -0.52000 eV
  T matrix converged after avg. # of iterations      1.500

    Total time spent up to now :    11.72s

  Computing E(  6500) =     -0.50000 eV
  T matrix converged after avg. # of iterations      1.500

    Total time spent up to now :    11.74s

  Computing E(  6520) =     -0.48000 eV
  T matrix converged after avg. # of iterations      1.500

    Total time spent up to now :    11.77s

  Computing E(  6540) =     -0.46000 eV
  T matrix converged after avg. # of iterations      1.500

    Total time spent up to now :    11.79s

  Computing E(  6560) =     -0.44000 eV
  T matrix converged after avg. # of iterations      1.500

    Total time spent up to now :    11.82s

  Computing E(  6580) =     -0.42000 eV
  T matrix converged after avg. # of iterations      1.500

    Total time spent up to now :    11.84s

  Computing E(  6600) =     -0.40000 eV
  T matrix converged after avg. # of iterations      1.500

    Total time spent up to now :    11.87s

  Computing E(  6620) =     -0.38000 eV
  T matrix converged after avg. # of iterations      1.500

    Total time spent up to now :    11.89s

  Computing E(  6640) =     -0.36000 eV
  T matrix converged after avg. # of iterations      1.500

    Total time spent up to now :    11.92s

  Computing E(  6660) =     -0.34000 eV
  T matrix converged after avg. # of iterations      4.000

    Total time spent up to now :    11.95s

  Computing E(  6680) =     -0.32000 eV
  T matrix converged after avg. # of iterations      4.500

    Total time spent up to now :    12.00s

  Computing E(  6700) =     -0.30000 eV
  T matrix converged after avg. # of iterations      3.000

    Total time spent up to now :    12.04s

  Computing E(  6720) =     -0.28000 eV
  T matrix converged after avg. # of iterations      2.500

    Total time spent up to now :    12.08s

  Computing E(  6740) =     -0.26000 eV
  T matrix converged after avg. # of iterations      5.000

    Total time spent up to now :    12.12s

  Computing E(  6760) =     -0.24000 eV
  T matrix converged after avg. # of iterations      5.000

    Total time spent up to now :    12.17s

  Computing E(  6780) =     -0.22000 eV
  T matrix converged after avg. # of iterations      5.000

    Total time spent up to now :    12.22s

  Computing E(  6800) =     -0.20000 eV
  T matrix converged after avg. # of iterations      5.500

    Total time spent up to now :    12.27s

  Computing E(  6820) =     -0.18000 eV
  T matrix converged after avg. # of iterations      5.500

    Total time spent up to now :    12.33s

  Computing E(  6840) =     -0.16000 eV
  T matrix converged after avg. # of iterations      5.500

    Total time spent up to now :    12.38s

  Computing E(  6860) =     -0.14000 eV
  T matrix converged after avg. # of iterations      5.500

    Total time spent up to now :    12.43s

  Computing E(  6880) =     -0.12000 eV
  T matrix converged after avg. # of iterations      5.500

    Total time spent up to now :    12.49s

  Computing E(  6900) =     -0.10000 eV
  T matrix converged after avg. # of iterations      4.500

    Total time spent up to now :    12.53s

  Computing E(  6920) =     -0.08000 eV
  T matrix converged after avg. # of iterations      5.500

    Total time spent up to now :    12.58s

  Computing E(  6940) =     -0.06000 eV
  T matrix converged after avg. # of iterations      5.500

    Total time spent up to now :    12.64s

  Computing E(  6960) =     -0.04000 eV
  T matrix converged after avg. # of iterations      5.500

    Total time spent up to now :    12.69s

  Computing E(  6980) =     -0.02000 eV
  T matrix converged after avg. # of iterations      5.500

    Total time spent up to now :    12.75s

  Computing E(  7000) =      0.00000 eV
  T matrix converged after avg. # of iterations      5.500

    Total time spent up to now :    12.80s

  Computing E(  7020) =      0.02000 eV
  T matrix converged after avg. # of iterations      5.500

    Total time spent up to now :    12.86s

  Computing E(  7040) =      0.04000 eV
  T matrix converged after avg. # of iterations      5.500

    Total time spent up to now :    12.91s

  Computing E(  7060) =      0.06000 eV
  T matrix converged after avg. # of iterations      5.500

    Total time spent up to now :    12.96s

  Computing E(  7080) =      0.08000 eV
  T matrix converged after avg. # of iterations      5.500

    Total time spent up to now :    13.02s

  Computing E(  7100) =      0.10000 eV
  T matrix converged after avg. # of iterations      5.500

    Total time spent up to now :    13.07s

  Computing E(  7120) =      0.12000 eV
  T matrix converged after avg. # of iterations      5.500

    Total time spent up to now :    13.13s

  Computing E(  7140) =      0.14000 eV
  T matrix converged after avg. # of iterations      5.500

    Total time spent up to now :    13.18s

  Computing E(  7160) =      0.16000 eV
  T matrix converged after avg. # of iterations      5.500

    Total time spent up to now :    13.23s

  Computing E(  7180) =      0.18000 eV
  T matrix converged after avg. # of iterations      5.500

    Total time spent up to now :    13.29s

  Computing E(  7200) =      0.20000 eV
  T matrix converged after avg. # of iterations      5.500

    Total time spent up to now :    13.34s

  Computing E(  7220) =      0.22000 eV
  T matrix converged after avg. # of iterations      5.500

    Total time spent up to now :    13.39s

  Computing E(  7240) =      0.24000 eV
  T matrix converged after avg. # of iterations      6.000

    Total time spent up to now :    13.45s

  Computing E(  7260) =      0.26000 eV
  T matrix converged after avg. # of iterations      6.000

    Total time spent up to now :    13.51s

  Computing E(  7280) =      0.28000 eV
  T matrix converged after avg. # of iterations      6.000

    Total time spent up to now :    13.57s

  Computing E(  7300) =      0.30000 eV
  T matrix converged after avg. # of iterations      6.000

    Total time spent up to now :    13.62s

  Computing E(  7320) =      0.32000 eV
  T matrix converged after avg. # of iterations      6.000

    Total time spent up to now :    13.68s

  Computing E(  7340) =      0.34000 eV
  T matrix converged after avg. # of iterations      6.000

    Total time spent up to now :    13.74s

  Computing E(  7360) =      0.36000 eV
  T matrix converged after avg. # of iterations      6.000

    Total time spent up to now :    13.80s

  Computing E(  7380) =      0.38000 eV
  T matrix converged after avg. # of iterations      6.000

    Total time spent up to now :    13.85s

  Computing E(  7400) =      0.40000 eV
  T matrix converged after avg. # of iterations      6.000

    Total time spent up to now :    13.91s

  Computing E(  7420) =      0.42000 eV
  T matrix converged after avg. # of iterations      6.000

    Total time spent up to now :    13.97s

  Computing E(  7440) =      0.44000 eV
  T matrix converged after avg. # of iterations      6.000

    Total time spent up to now :    14.03s

  Computing E(  7460) =      0.46000 eV
  T matrix converged after avg. # of iterations      6.000

    Total time spent up to now :    14.08s

  Computing E(  7480) =      0.48000 eV
  T matrix converged after avg. # of iterations      6.000

    Total time spent up to now :    14.14s

  Computing E(  7500) =      0.50000 eV
  T matrix converged after avg. # of iterations      6.000

    Total time spent up to now :    14.20s

  Computing E(  7520) =      0.52000 eV
  T matrix converged after avg. # of iterations      6.000

    Total time spent up to now :    14.26s

  Computing E(  7540) =      0.54000 eV
  T matrix converged after avg. # of iterations      6.000

    Total time spent up to now :    14.31s

  Computing E(  7560) =      0.56000 eV
  T matrix converged after avg. # of iterations      6.000

    Total time spent up to now :    14.37s

  Computing E(  7580) =      0.58000 eV
  T matrix converged after avg. # of iterations      6.000

    Total time spent up to now :    14.43s

  Computing E(  7600) =      0.60000 eV
  T matrix converged after avg. # of iterations      6.000

    Total time spent up to now :    14.49s

  Computing E(  7620) =      0.62000 eV
  T matrix converged after avg. # of iterations      6.000

    Total time spent up to now :    14.55s

  Computing E(  7640) =      0.64000 eV
  T matrix converged after avg. # of iterations      6.000

    Total time spent up to now :    14.60s

  Computing E(  7660) =      0.66000 eV
  T matrix converged after avg. # of iterations      6.000

    Total time spent up to now :    14.66s

  Computing E(  7680) =      0.68000 eV
  T matrix converged after avg. # of iterations      6.000

    Total time spent up to now :    14.72s

  Computing E(  7700) =      0.70000 eV
  T matrix converged after avg. # of iterations      6.000

    Total time spent up to now :    14.78s

  Computing E(  7720) =      0.72000 eV
  T matrix converged after avg. # of iterations      6.000

    Total time spent up to now :    14.83s

  Computing E(  7740) =      0.74000 eV
  T matrix converged after avg. # of iterations      6.000

    Total time spent up to now :    14.89s

  Computing E(  7760) =      0.76000 eV
  T matrix converged after avg. # of iterations      6.000

    Total time spent up to now :    14.95s

  Computing E(  7780) =      0.78000 eV
  T matrix converged after avg. # of iterations      6.000

    Total time spent up to now :    15.01s

  Computing E(  7800) =      0.80000 eV
  T matrix converged after avg. # of iterations      6.000

    Total time spent up to now :    15.06s

  Computing E(  7820) =      0.82000 eV
  T matrix converged after avg. # of iterations      6.000

    Total time spent up to now :    15.12s

  Computing E(  7840) =      0.84000 eV
  T matrix converged after avg. # of iterations      6.000

    Total time spent up to now :    15.18s

  Computing E(  7860) =      0.86000 eV
  T matrix converged after avg. # of iterations      6.000

    Total time spent up to now :    15.24s

  Computing E(  7880) =      0.88000 eV
  T matrix converged after avg. # of iterations      6.000

    Total time spent up to now :    15.30s

  Computing E(  7900) =      0.90000 eV
  T matrix converged after avg. # of iterations      6.000

    Total time spent up to now :    15.35s

  Computing E(  7920) =      0.92000 eV
  T matrix converged after avg. # of iterations      6.000

    Total time spent up to now :    15.41s

  Computing E(  7940) =      0.94000 eV
  T matrix converged after avg. # of iterations      6.000

    Total time spent up to now :    15.47s

  Computing E(  7960) =      0.96000 eV
  T matrix converged after avg. # of iterations      6.000

    Total time spent up to now :    15.53s

  Computing E(  7980) =      0.98000 eV
  T matrix converged after avg. # of iterations      6.000

    Total time spent up to now :    15.58s

  Computing E(  8000) =      1.00000 eV
  T matrix converged after avg. # of iterations      6.000

    Total time spent up to now :    15.64s

  Computing E(  8020) =      1.02000 eV
  T matrix converged after avg. # of iterations      6.000

    Total time spent up to now :    15.70s

  Computing E(  8040) =      1.04000 eV
  T matrix converged after avg. # of iterations      6.000

    Total time spent up to now :    15.76s

  Computing E(  8060) =      1.06000 eV
  T matrix converged after avg. # of iterations      6.000

    Total time spent up to now :    15.81s

  Computing E(  8080) =      1.08000 eV
  T matrix converged after avg. # of iterations      6.000

    Total time spent up to now :    15.87s

  Computing E(  8100) =      1.10000 eV
  T matrix converged after avg. # of iterations      6.000

    Total time spent up to now :    15.93s

  Computing E(  8120) =      1.12000 eV
  T matrix converged after avg. # of iterations      6.000

    Total time spent up to now :    15.99s

  Computing E(  8140) =      1.14000 eV
  T matrix converged after avg. # of iterations      6.000

    Total time spent up to now :    16.08s

  Computing E(  8160) =      1.16000 eV
  T matrix converged after avg. # of iterations      6.000

    Total time spent up to now :    16.14s

  Computing E(  8180) =      1.18000 eV
  T matrix converged after avg. # of iterations      6.000

    Total time spent up to now :    16.20s

  Computing E(  8200) =      1.20000 eV
  T matrix converged after avg. # of iterations      6.000

    Total time spent up to now :    16.25s

  Computing E(  8220) =      1.22000 eV
  T matrix converged after avg. # of iterations      6.000

    Total time spent up to now :    16.31s

  Computing E(  8240) =      1.24000 eV
  T matrix converged after avg. # of iterations      6.000

    Total time spent up to now :    16.37s

  Computing E(  8260) =      1.26000 eV
  T matrix converged after avg. # of iterations      6.000

    Total time spent up to now :    16.43s

  Computing E(  8280) =      1.28000 eV
  T matrix converged after avg. # of iterations      6.000

    Total time spent up to now :    16.49s

  Computing E(  8300) =      1.30000 eV
  T matrix converged after avg. # of iterations      6.500

    Total time spent up to now :    16.54s

  Computing E(  8320) =      1.32000 eV
  T matrix converged after avg. # of iterations      6.500

    Total time spent up to now :    16.61s

  Computing E(  8340) =      1.34000 eV
  T matrix converged after avg. # of iterations      6.500

    Total time spent up to now :    16.67s

  Computing E(  8360) =      1.36000 eV
  T matrix converged after avg. # of iterations      6.500

    Total time spent up to now :    16.73s

  Computing E(  8380) =      1.38000 eV
  T matrix converged after avg. # of iterations      6.500

    Total time spent up to now :    16.79s

  Computing E(  8400) =      1.40000 eV
  T matrix converged after avg. # of iterations      6.500

    Total time spent up to now :    16.86s

  Computing E(  8420) =      1.42000 eV
  T matrix converged after avg. # of iterations      6.500

    Total time spent up to now :    16.92s

  Computing E(  8440) =      1.44000 eV
  T matrix converged after avg. # of iterations      6.500

    Total time spent up to now :    16.98s

  Computing E(  8460) =      1.46000 eV
  T matrix converged after avg. # of iterations      6.500

    Total time spent up to now :    17.05s

  Computing E(  8480) =      1.48000 eV
  T matrix converged after avg. # of iterations      6.000

    Total time spent up to now :    17.12s

  Computing E(  8500) =      1.50000 eV
  T matrix converged after avg. # of iterations      6.000

    Total time spent up to now :    17.20s

  Computing E(  8520) =      1.52000 eV
  T matrix converged after avg. # of iterations      6.500

    Total time spent up to now :    17.26s

  Computing E(  8540) =      1.54000 eV
  T matrix converged after avg. # of iterations      6.500

    Total time spent up to now :    17.32s

  Computing E(  8560) =      1.56000 eV
  T matrix converged after avg. # of iterations      6.500

    Total time spent up to now :    17.39s

  Computing E(  8580) =      1.58000 eV
  T matrix converged after avg. # of iterations      6.500

    Total time spent up to now :    17.45s

  Computing E(  8600) =      1.60000 eV
  T matrix converged after avg. # of iterations      6.500

    Total time spent up to now :    17.51s

  Computing E(  8620) =      1.62000 eV
  T matrix converged after avg. # of iterations      6.500

    Total time spent up to now :    17.57s

  Computing E(  8640) =      1.64000 eV
  T matrix converged after avg. # of iterations      6.500

    Total time spent up to now :    17.63s

  Computing E(  8660) =      1.66000 eV
  T matrix converged after avg. # of iterations      6.500

    Total time spent up to now :    17.69s

  Computing E(  8680) =      1.68000 eV
  T matrix converged after avg. # of iterations      6.500

    Total time spent up to now :    17.76s

  Computing E(  8700) =      1.70000 eV
  T matrix converged after avg. # of iterations      6.500

    Total time spent up to now :    17.82s

  Computing E(  8720) =      1.72000 eV
  T matrix converged after avg. # of iterations      6.500

    Total time spent up to now :    17.88s

  Computing E(  8740) =      1.74000 eV
  T matrix converged after avg. # of iterations      6.500

    Total time spent up to now :    17.94s

  Computing E(  8760) =      1.76000 eV
  T matrix converged after avg. # of iterations      6.500

    Total time spent up to now :    18.00s

  Computing E(  8780) =      1.78000 eV
  T matrix converged after avg. # of iterations      6.500

    Total time spent up to now :    18.06s

  Computing E(  8800) =      1.80000 eV
  T matrix converged after avg. # of iterations      6.500

    Total time spent up to now :    18.13s

  Computing E(  8820) =      1.82000 eV
  T matrix converged after avg. # of iterations      6.500

    Total time spent up to now :    18.19s

  Computing E(  8840) =      1.84000 eV
  T matrix converged after avg. # of iterations      6.500

    Total time spent up to now :    18.25s

  Computing E(  8860) =      1.86000 eV
  T matrix converged after avg. # of iterations      6.500

    Total time spent up to now :    18.31s

  Computing E(  8880) =      1.88000 eV
  T matrix converged after avg. # of iterations      6.500

    Total time spent up to now :    18.37s

  Computing E(  8900) =      1.90000 eV
  T matrix converged after avg. # of iterations      6.500

    Total time spent up to now :    18.46s

  Computing E(  8920) =      1.92000 eV
  T matrix converged after avg. # of iterations      6.500

    Total time spent up to now :    18.52s

  Computing E(  8940) =      1.94000 eV
  T matrix converged after avg. # of iterations      6.500

    Total time spent up to now :    18.60s

  Computing E(  8960) =      1.96000 eV
  T matrix converged after avg. # of iterations      6.500

    Total time spent up to now :    18.66s

  Computing E(  8980) =      1.98000 eV
  T matrix converged after avg. # of iterations      6.500

    Total time spent up to now :    18.72s

  Computing E(  9000) =      2.00000 eV
  T matrix converged after avg. # of iterations      6.500

    Total time spent up to now :    18.79s

  ======================================================================
  =                             Writing data                           =
  ======================================================================
Writing conductance to output/conductance_bulk.dat
Writing doscond to output/doscond_bulk.dat

<global routines>
             clock number :    14

           conductor :    19.95s CPU
 atmproj_to_internal :     0.89s CPU
        compute_rham :     0.02s CPU (       5 calls,   0.003 s avg)
       smearing_init :     0.06s CPU
              cft_1z :     0.00s CPU
    hamiltonian_init :     0.02s CPU
         read_matrix :     0.02s CPU (       2 calls,   0.008 s avg)
         fourier_par :     0.00s CPU (       4 calls,   0.000 s avg)
        do_conductor :    18.79s CPU
   hamiltonian_setup :     0.40s CPU (    9001 calls,   0.000 s avg)
            transfer :    13.59s CPU (    9001 calls,   0.002 s avg)
               green :     1.27s CPU (   18002 calls,   0.000 s avg)
         gzero_maker :     0.05s CPU (    9001 calls,   0.000 s avg)
       transmittance :     2.06s CPU (    9001 calls,   0.000 s avg)
