======================================================================
              =                                            =
              =           Quantum Transport Code           =
              =     (https://aflowlib.org/src/paoflow/)    =
              =                                            =
======================================================================
Program <conductor.py>  v. 0.0.1  starts ...
Date 2025-09-24 at 15:33:30
Number of MPI processes:    1
  ======================================================================
  =                       Conductor Initialization                     =
  ======================================================================
  ./alh.save/atomic_proj.xml file fmt: atmproj
Started atmproj_read_ext
Started reading eigenvalues
Finished reading eigenvalues
Started reading projections
Finished reading projections
Finished atmproj_read_ext
  Dimensions found in atomic_proj.{dat,xml}:
    nbnd     :    60
    nkpts    :     8
    nspin    :     1
    natomwfc :    41
    nelec    :    31.000000
    efermi   :    -0.125306
    energy_units :  Rydberg

  ATMPROJ conversion to be done using:
    atmproj_nbnd :    60
    atmproj_thr  :     0.900000
    atmproj_sh   :     3.500000
    atmproj_do_norm:  False
Using an orthogonal basis. do_orthoovp=.true.
Started atmproj_read_ext --massive data
Finished atmproj_read_ext --massive data
Printed projectabilities to projectability.txt
./alh.save/atomic_proj.xml converted from ATMPROJ to internal format

  ======================================================================
  =  INPUT Summary                                                     =
  ======================================================================

  <INPUT>
          Calculation Type :     bulk
                    prefix :     alh
                   postfix :     _lead
                  work_dir :     ./
               L-lead dim. :        12
            conductor dim. :        12
               R-lead dim. :        12
       Conductance Formula :     landauer
                  Carriers :     electrons
       Transport Direction :         3
          Have Correlation :     False
              Write k-data :     False
            Write sgm lead :     False
                Write gf C :     False
           Max iter number :       200
                    nprint :        20

        Conductor datafile :     ./alh.save/atomic_proj.xml
         leads are identical :     True
           ovp orthogonaliz. :     True
  </INPUT>

  <ENERGY_GRID>
                 Dimension :      1000
                 Buffering :         1
               Min Energy :  -7.00000
               Max Energy :   2.00000
              Energy Step :   0.00100
                     Delta :   0.00050
             Smearing Type :     lorentzian
             Smearing grid :     20000
             Smearing gmax :  25.00000
                   Shift_L :   0.00000
                   Shift_C :   0.00000
                   Shift_R :   0.00000
                Shift_corr :   0.00000
  </ENERGY_GRID>

  <K-POINTS>
       nkpts_par = 1
       nrtot_par = 1
        use_sym = True

       Parallel kpoints grid:        nk = (   1   1    1 )   s = (   0   0    0 )
       k (  1) =    (   0.00000   0.00000   0.00000 ),   weight =   1.0000

       Parallel R vector grid:       nr = (   1   1    1 )
       R (  1) =    (   0.00000   0.00000   0.00000 ),   weight =   1.0000
  </K-POINTS>

  <PARALLELISM>
       Paralellization over frequencies
       # of processes:     1
  </PARALLELISM>

  ======================================================================
  =                            Frequency Loop                          =
  ======================================================================
  Computing E(     0) =     -7.00000 eV
  T matrix converged after avg. # of iterations      1.500

    Total time spent up to now :     0.00s

  Computing E(    20) =     -6.81982 eV
  T matrix converged after avg. # of iterations      1.500

    Total time spent up to now :     0.01s

  Computing E(    40) =     -6.63964 eV
  T matrix converged after avg. # of iterations      1.500

    Total time spent up to now :     0.01s

  Computing E(    60) =     -6.45946 eV
  T matrix converged after avg. # of iterations      1.500

    Total time spent up to now :     0.02s

  Computing E(    80) =     -6.27928 eV
  T matrix converged after avg. # of iterations      5.000

    Total time spent up to now :     0.02s

  Computing E(   100) =     -6.09910 eV
  T matrix converged after avg. # of iterations      6.500

    Total time spent up to now :     0.04s

  Computing E(   120) =     -5.91892 eV
  T matrix converged after avg. # of iterations      6.500

    Total time spent up to now :     0.05s

  Computing E(   140) =     -5.73874 eV
  T matrix converged after avg. # of iterations      3.500

    Total time spent up to now :     0.06s

  Computing E(   160) =     -5.55856 eV
  T matrix converged after avg. # of iterations      7.000

    Total time spent up to now :     0.07s

  Computing E(   180) =     -5.37838 eV
  T matrix converged after avg. # of iterations      7.000

    Total time spent up to now :     0.08s

  Computing E(   200) =     -5.19820 eV
  T matrix converged after avg. # of iterations      7.000

    Total time spent up to now :     0.10s

  Computing E(   220) =     -5.01802 eV
  T matrix converged after avg. # of iterations      7.000

    Total time spent up to now :     0.11s

  Computing E(   240) =     -4.83784 eV
  T matrix converged after avg. # of iterations      7.000

    Total time spent up to now :     0.12s

  Computing E(   260) =     -4.65766 eV
  T matrix converged after avg. # of iterations      7.000

    Total time spent up to now :     0.13s

  Computing E(   280) =     -4.47748 eV
  T matrix converged after avg. # of iterations      7.000

    Total time spent up to now :     0.15s

  Computing E(   300) =     -4.29730 eV
  T matrix converged after avg. # of iterations      7.000

    Total time spent up to now :     0.16s

  Computing E(   320) =     -4.11712 eV
  T matrix converged after avg. # of iterations      7.000

    Total time spent up to now :     0.17s

  Computing E(   340) =     -3.93694 eV
  T matrix converged after avg. # of iterations      7.000

    Total time spent up to now :     0.18s

  Computing E(   360) =     -3.75676 eV
  T matrix converged after avg. # of iterations      7.000

    Total time spent up to now :     0.20s

  Computing E(   380) =     -3.57658 eV
  T matrix converged after avg. # of iterations      7.000

    Total time spent up to now :     0.21s

  Computing E(   400) =     -3.39640 eV
  T matrix converged after avg. # of iterations      7.000

    Total time spent up to now :     0.22s

  Computing E(   420) =     -3.21622 eV
  T matrix converged after avg. # of iterations      7.000

    Total time spent up to now :     0.23s

  Computing E(   440) =     -3.03604 eV
  T matrix converged after avg. # of iterations      7.000

    Total time spent up to now :     0.24s

  Computing E(   460) =     -2.85586 eV
  T matrix converged after avg. # of iterations      7.000

    Total time spent up to now :     0.26s

  Computing E(   480) =     -2.67568 eV
  T matrix converged after avg. # of iterations      7.000

    Total time spent up to now :     0.27s

  Computing E(   500) =     -2.49550 eV
  T matrix converged after avg. # of iterations      7.000

    Total time spent up to now :     0.28s

  Computing E(   520) =     -2.31532 eV
  T matrix converged after avg. # of iterations      7.000

    Total time spent up to now :     0.29s

  Computing E(   540) =     -2.13514 eV
  T matrix converged after avg. # of iterations      7.000

    Total time spent up to now :     0.30s

  Computing E(   560) =     -1.95495 eV
  T matrix converged after avg. # of iterations      7.000

    Total time spent up to now :     0.31s

  Computing E(   580) =     -1.77477 eV
  T matrix converged after avg. # of iterations      7.000

    Total time spent up to now :     0.33s

  Computing E(   600) =     -1.59459 eV
  T matrix converged after avg. # of iterations      7.000

    Total time spent up to now :     0.34s

  Computing E(   620) =     -1.41441 eV
  T matrix converged after avg. # of iterations      7.000

    Total time spent up to now :     0.35s

  Computing E(   640) =     -1.23423 eV
  T matrix converged after avg. # of iterations      3.000

    Total time spent up to now :     0.36s

  Computing E(   660) =     -1.05405 eV
  T matrix converged after avg. # of iterations      2.500

    Total time spent up to now :     0.36s

  Computing E(   680) =     -0.87387 eV
  T matrix converged after avg. # of iterations      2.000

    Total time spent up to now :     0.37s

  Computing E(   700) =     -0.69369 eV
  T matrix converged after avg. # of iterations      2.000

    Total time spent up to now :     0.38s

  Computing E(   720) =     -0.51351 eV
  T matrix converged after avg. # of iterations      2.000

    Total time spent up to now :     0.38s

  Computing E(   740) =     -0.33333 eV
  T matrix converged after avg. # of iterations      2.000

    Total time spent up to now :     0.39s

  Computing E(   760) =     -0.15315 eV
  T matrix converged after avg. # of iterations      6.000

    Total time spent up to now :     0.40s

  Computing E(   780) =      0.02703 eV
  T matrix converged after avg. # of iterations      6.500

    Total time spent up to now :     0.41s

  Computing E(   800) =      0.20721 eV
  T matrix converged after avg. # of iterations      6.500

    Total time spent up to now :     0.42s

  Computing E(   820) =      0.38739 eV
  T matrix converged after avg. # of iterations      6.500

    Total time spent up to now :     0.43s

  Computing E(   840) =      0.56757 eV
  T matrix converged after avg. # of iterations      7.000

    Total time spent up to now :     0.44s

  Computing E(   860) =      0.74775 eV
  T matrix converged after avg. # of iterations      7.000

    Total time spent up to now :     0.45s

  Computing E(   880) =      0.92793 eV
  T matrix converged after avg. # of iterations      7.000

    Total time spent up to now :     0.46s

  Computing E(   900) =      1.10811 eV
  T matrix converged after avg. # of iterations      7.000

    Total time spent up to now :     0.47s

  Computing E(   920) =      1.28829 eV
  T matrix converged after avg. # of iterations      7.000

    Total time spent up to now :     0.49s

  Computing E(   940) =      1.46847 eV
  T matrix converged after avg. # of iterations      7.500

    Total time spent up to now :     0.50s

  Computing E(   960) =      1.64865 eV
  T matrix converged after avg. # of iterations      7.500

    Total time spent up to now :     0.51s

  Computing E(   980) =      1.82883 eV
  T matrix converged after avg. # of iterations      7.500

    Total time spent up to now :     0.52s

  Computing E(   999) =      2.00000 eV
  T matrix converged after avg. # of iterations      7.500

    Total time spent up to now :     0.54s

  ======================================================================
  =                             Writing data                           =
  ======================================================================
Writing conductance to output/conductance_lead.dat
Writing doscond to output/doscond_lead.dat

<global routines>
             clock number :    14

           conductor :     0.00s CPU
 atmproj_to_internal :     0.14s CPU
        compute_rham :     0.02s CPU (       5 calls,   0.004 s avg)
       smearing_init :     0.07s CPU
              cft_1z :     0.00s CPU
    hamiltonian_init :     0.02s CPU
         read_matrix :     0.02s CPU (       2 calls,   0.009 s avg)
         fourier_par :     0.00s CPU (       4 calls,   0.000 s avg)
        do_conductor :     0.54s CPU
   hamiltonian_setup :     0.02s CPU (    1000 calls,   0.000 s avg)
            transfer :     0.43s CPU (    1000 calls,   0.000 s avg)
               green :     0.02s CPU (    2000 calls,   0.000 s avg)
         gzero_maker :     0.00s CPU (    1000 calls,   0.000 s avg)
       transmittance :     0.01s CPU (    1000 calls,   0.000 s avg)

  <MEMORY_USAGE>
                smearing:           0.480 MB
                 kpoints:           0.000 MB
               workspace:           0.018 MB

 Total allocated. Memory:           0.498 MB
  Real allocated. Memory:          86.719 MB
  </MEMORY_USAGE>
